C:\PROGRAM FILES\MICROSOFT SDKS\KINECT\DEVELOPER TOOLKIT V1.7.0\SAMPLES\C++\SKELETONBASICS-D2D\DEBUG\SKELETONBASICS.OBJ
C:\PROGRAM FILES\MICROSOFT SDKS\KINECT\DEVELOPER TOOLKIT V1.7.0\SAMPLES\C++\SKELETONBASICS-D2D\DEBUG\VC110.PDB
C:\PROGRAM FILES\MICROSOFT SDKS\KINECT\DEVELOPER TOOLKIT V1.7.0\SAMPLES\C++\SKELETONBASICS-D2D\DEBUG\SKELETONBASICS-D2D.ILK
C:\PROGRAM FILES\MICROSOFT SDKS\KINECT\DEVELOPER TOOLKIT V1.7.0\SAMPLES\C++\SKELETONBASICS-D2D\DEBUG\SKELETONBASICS-D2D.EXE
C:\PROGRAM FILES\MICROSOFT SDKS\KINECT\DEVELOPER TOOLKIT V1.7.0\SAMPLES\C++\SKELETONBASICS-D2D\DEBUG\SKELETONBASICS-D2D.PDB
C:\PROGRAM FILES\MICROSOFT SDKS\KINECT\DEVELOPER TOOLKIT V1.7.0\SAMPLES\C++\SKELETONBASICS-D2D\DEBUG\SKELETONBASICS.RES
C:\Program Files\Microsoft SDKs\Kinect\Developer Toolkit v1.7.0\Samples\C++\SkeletonBasics-D2D\Debug\SkeletonBasics.obj
C:\Program Files\Microsoft SDKs\Kinect\Developer Toolkit v1.7.0\Samples\C++\SkeletonBasics-D2D\Debug\SkeletonBasics-D2D.ilk
C:\Program Files\Microsoft SDKs\Kinect\Developer Toolkit v1.7.0\Samples\C++\SkeletonBasics-D2D\Debug\cl.command.1.tlog
C:\Program Files\Microsoft SDKs\Kinect\Developer Toolkit v1.7.0\Samples\C++\SkeletonBasics-D2D\Debug\CL.read.1.tlog
C:\Program Files\Microsoft SDKs\Kinect\Developer Toolkit v1.7.0\Samples\C++\SkeletonBasics-D2D\Debug\CL.write.1.tlog
C:\Program Files\Microsoft SDKs\Kinect\Developer Toolkit v1.7.0\Samples\C++\SkeletonBasics-D2D\Debug\link-cvtres.read.1.tlog
C:\Program Files\Microsoft SDKs\Kinect\Developer Toolkit v1.7.0\Samples\C++\SkeletonBasics-D2D\Debug\link-cvtres.write.1.tlog
C:\Program Files\Microsoft SDKs\Kinect\Developer Toolkit v1.7.0\Samples\C++\SkeletonBasics-D2D\Debug\link-rc.read.1.tlog
C:\Program Files\Microsoft SDKs\Kinect\Developer Toolkit v1.7.0\Samples\C++\SkeletonBasics-D2D\Debug\link-rc.write.1.tlog
C:\Program Files\Microsoft SDKs\Kinect\Developer Toolkit v1.7.0\Samples\C++\SkeletonBasics-D2D\Debug\link.5776-cvtres.read.1.tlog
C:\Program Files\Microsoft SDKs\Kinect\Developer Toolkit v1.7.0\Samples\C++\SkeletonBasics-D2D\Debug\link.5776-cvtres.write.1.tlog
C:\Program Files\Microsoft SDKs\Kinect\Developer Toolkit v1.7.0\Samples\C++\SkeletonBasics-D2D\Debug\link.5776-rc.read.1.tlog
C:\Program Files\Microsoft SDKs\Kinect\Developer Toolkit v1.7.0\Samples\C++\SkeletonBasics-D2D\Debug\link.5776-rc.write.1.tlog
C:\Program Files\Microsoft SDKs\Kinect\Developer Toolkit v1.7.0\Samples\C++\SkeletonBasics-D2D\Debug\link.5776.read.1.tlog
C:\Program Files\Microsoft SDKs\Kinect\Developer Toolkit v1.7.0\Samples\C++\SkeletonBasics-D2D\Debug\link.5776.write.1.tlog
C:\Program Files\Microsoft SDKs\Kinect\Developer Toolkit v1.7.0\Samples\C++\SkeletonBasics-D2D\Debug\link.command.1.tlog
C:\Program Files\Microsoft SDKs\Kinect\Developer Toolkit v1.7.0\Samples\C++\SkeletonBasics-D2D\Debug\link.read.1.tlog
C:\Program Files\Microsoft SDKs\Kinect\Developer Toolkit v1.7.0\Samples\C++\SkeletonBasics-D2D\Debug\link.write.1.tlog
C:\Program Files\Microsoft SDKs\Kinect\Developer Toolkit v1.7.0\Samples\C++\SkeletonBasics-D2D\Debug\rc.command.1.tlog
C:\Program Files\Microsoft SDKs\Kinect\Developer Toolkit v1.7.0\Samples\C++\SkeletonBasics-D2D\Debug\rc.read.1.tlog
C:\Program Files\Microsoft SDKs\Kinect\Developer Toolkit v1.7.0\Samples\C++\SkeletonBasics-D2D\Debug\rc.write.1.tlog
C:\Program Files\Microsoft SDKs\Kinect\Developer Toolkit v1.7.0\Samples\C++\SkeletonBasics-D2D\Debug\SkeletonBasics.res
C:\Program Files\Microsoft SDKs\Kinect\Developer Toolkit v1.7.0\Samples\C++\SkeletonBasics-D2D\Debug\vc110.idb
C:\Program Files\Microsoft SDKs\Kinect\Developer Toolkit v1.7.0\Samples\C++\SkeletonBasics-D2D\Debug\SkeletonBasics-D2D.pdb
C:\Program Files\Microsoft SDKs\Kinect\Developer Toolkit v1.7.0\Samples\C++\SkeletonBasics-D2D\Debug\vc110.pdb
C:\Program Files\Microsoft SDKs\Kinect\Developer Toolkit v1.7.0\Samples\C++\SkeletonBasics-D2D\Debug\SkeletonBasics-D2D.exe
